<?xml version="1.0" encoding="UTF-8"?>
<!-- Generated by org.testng.reporters.JUnitXMLReporter -->
<testsuite hostname="ip-10-0-0-127" name="Command line test e506b0c6-4f78-43c3-b959-83e807452fdd" tests="1" failures="1" timestamp="22 Feb 2018 05:56:36 GMT" time="5.621" errors="0">
  <testcase name="" time="0.234" classname="tech.rsqn.cdsl.context.dynamodb.CdslDynamoIntegrationTest">
    <failure type="java.lang.RuntimeException" message="holy uck">
      <![CDATA[java.lang.RuntimeException: holy uck
	at tech.rsqn.cdsl.context.CdslContext.putVar(CdslContext.java:71)
	at tech.rsqn.cdsl.context.dynamodb.CdslDynamoIntegrationTest.shouldCrudContext(CdslDynamoIntegrationTest.java:47)
... Removed 28 stack frames]]>
    </failure>
  </testcase> <!--  -->
</testsuite> <!-- Command line test e506b0c6-4f78-43c3-b959-83e807452fdd -->
