<?xml version="1.0" encoding="UTF-8"?>
<testng-results skipped="0" failed="1" total="1" passed="0">
  <reporter-output>
  </reporter-output>
  <suite name="tech.rsqn.cdsl.context.dynamodb.CdslDynamoIntegrationTest" duration-ms="5621" started-at="2018-02-22T05:56:30Z" finished-at="2018-02-22T05:56:36Z">
    <groups>
      <group name="integration">
        <method signature="CdslDynamoIntegrationTest.shouldCrudContext()[pri:0, instance:tech.rsqn.cdsl.context.dynamodb.CdslDynamoIntegrationTest@6ad6fa53]" name="shouldCrudContext" class="tech.rsqn.cdsl.context.dynamodb.CdslDynamoIntegrationTest"/>
      </group> <!-- integration -->
    </groups>
    <test name="Command line test e506b0c6-4f78-43c3-b959-83e807452fdd" duration-ms="5621" started-at="2018-02-22T05:56:30Z" finished-at="2018-02-22T05:56:36Z">
      <class name="tech.rsqn.cdsl.context.dynamodb.CdslDynamoIntegrationTest">
        <test-method status="PASS" signature="setup()[pri:0, instance:tech.rsqn.cdsl.context.dynamodb.CdslDynamoIntegrationTest@6ad6fa53]" test-instance-name="" name="setup" is-config="true" duration-ms="5276" started-at="2018-02-22T05:56:30Z" finished-at="2018-02-22T05:56:35Z">
          <reporter-output>
          </reporter-output>
        </test-method> <!-- setup -->
        <test-method status="FAIL" signature="shouldCrudContext()[pri:0, instance:tech.rsqn.cdsl.context.dynamodb.CdslDynamoIntegrationTest@6ad6fa53]" test-instance-name="" name="shouldCrudContext" duration-ms="234" started-at="2018-02-22T05:56:35Z" finished-at="2018-02-22T05:56:36Z">
          <exception class="java.lang.RuntimeException">
            <message>
              <![CDATA[holy uck]]>
            </message>
            <full-stacktrace>
              <![CDATA[java.lang.RuntimeException: holy uck
	at tech.rsqn.cdsl.context.CdslContext.putVar(CdslContext.java:71)
	at tech.rsqn.cdsl.context.dynamodb.CdslDynamoIntegrationTest.shouldCrudContext(CdslDynamoIntegrationTest.java:47)
	at sun.reflect.NativeMethodAccessorImpl.invoke0(Native Method)
	at sun.reflect.NativeMethodAccessorImpl.invoke(NativeMethodAccessorImpl.java:62)
	at sun.reflect.DelegatingMethodAccessorImpl.invoke(DelegatingMethodAccessorImpl.java:43)
	at java.lang.reflect.Method.invoke(Method.java:498)
	at org.testng.internal.MethodInvocationHelper.invokeMethod(MethodInvocationHelper.java:86)
	at org.testng.internal.Invoker.invokeMethod(Invoker.java:643)
	at org.testng.internal.Invoker.invokeTestMethod(Invoker.java:820)
	at org.testng.internal.Invoker.invokeTestMethods(Invoker.java:1128)
	at org.testng.internal.TestMethodWorker.invokeTestMethods(TestMethodWorker.java:129)
	at org.testng.internal.TestMethodWorker.run(TestMethodWorker.java:112)
	at org.testng.TestRunner.privateRun(TestRunner.java:782)
	at org.testng.TestRunner.run(TestRunner.java:632)
	at org.testng.SuiteRunner.runTest(SuiteRunner.java:366)
	at org.testng.SuiteRunner.runSequentially(SuiteRunner.java:361)
	at org.testng.SuiteRunner.privateRun(SuiteRunner.java:319)
	at org.testng.SuiteRunner.run(SuiteRunner.java:268)
	at org.testng.SuiteRunnerWorker.runSuite(SuiteRunnerWorker.java:52)
	at org.testng.SuiteRunnerWorker.run(SuiteRunnerWorker.java:86)
	at org.testng.TestNG.runSuitesSequentially(TestNG.java:1244)
	at org.testng.TestNG.runSuitesLocally(TestNG.java:1169)
	at org.testng.TestNG.run(TestNG.java:1064)
	at org.apache.maven.surefire.testng.TestNGExecutor.run(TestNGExecutor.java:91)
	at org.apache.maven.surefire.testng.TestNGDirectoryTestSuite.executeSingleClass(TestNGDirectoryTestSuite.java:128)
	at org.apache.maven.surefire.testng.TestNGDirectoryTestSuite.execute(TestNGDirectoryTestSuite.java:112)
	at org.apache.maven.surefire.testng.TestNGProvider.invoke(TestNGProvider.java:113)
	at org.apache.maven.surefire.booter.ForkedBooter.invokeProviderInSameClassLoader(ForkedBooter.java:200)
	at org.apache.maven.surefire.booter.ForkedBooter.runSuitesInProcess(ForkedBooter.java:153)
	at org.apache.maven.surefire.booter.ForkedBooter.main(ForkedBooter.java:103)
]]>
            </full-stacktrace>
          </exception> <!-- java.lang.RuntimeException -->
          <reporter-output>
          </reporter-output>
        </test-method> <!-- shouldCrudContext -->
      </class> <!-- tech.rsqn.cdsl.context.dynamodb.CdslDynamoIntegrationTest -->
    </test> <!-- Command line test e506b0c6-4f78-43c3-b959-83e807452fdd -->
  </suite> <!-- tech.rsqn.cdsl.context.dynamodb.CdslDynamoIntegrationTest -->
</testng-results>
